facebook/build/outputs/logs/manifest-merger-debug-report.txt
-- Merging decision tree log ---
manifest
ADDED from src\main\AndroidManifest.xml:22:1-26:12
INJECTED from src\main\AndroidManifest.xml:22:1-26:12
INJECTED from src\main\AndroidManifest.xml:22:1-26:12
	package
		ADDED from src\main\AndroidManifest.xml:23:7-29
		INJECTED from src\main\AndroidManifest.xml
		INJECTED from src\main\AndroidManifest.xml
	xmlns:android
		ADDED from src\main\AndroidManifest.xml:22:11-69
application
ADDED from src\main\AndroidManifest.xml:24:5-19
uses-sdk
ADDED from src\main\AndroidManifest.xml:25:5-43
INJECTED from src\main\AndroidManifest.xml:25:5-43
INJECTED from src\main\AndroidManifest.xml:25:5-43
INJECTED from src\main\AndroidManifest.xml:25:5-43
INJECTED from src\main\AndroidManifest.xml:25:5-43
	android:targetSdkVersion
		INJECTED from src\main\AndroidManifest.xml
		ADDED from src\main\AndroidManifest.xml:25:5-43
		INJECTED from src\main\AndroidManifest.xml
	android:minSdkVersion
		ADDED from src\main\AndroidManifest.xml:25:15-40
		INJECTED from src\main\AndroidManifest.xml
		INJECTED from src\main\AndroidManifest.xml